[0m16:54:51.979398 [debug] [MainThread]: Sending event: {'category': 'dbt', 'action': 'invocation', 'label': 'start', 'context': [<snowplow_tracker.self_describing_json.SelfDescribingJson object at 0x1067ded50>, <snowplow_tracker.self_describing_json.SelfDescribingJson object at 0x105f285f0>, <snowplow_tracker.self_describing_json.SelfDescribingJson object at 0x105f286e0>]}


============================== 16:54:51.985959 | d2355442-0864-421f-9b32-9e7702b23f82 ==============================
[0m16:54:51.985959 [info ] [MainThread]: Running with dbt=1.8.6
[0m16:54:51.986688 [debug] [MainThread]: running dbt with arguments {'printer_width': '80', 'indirect_selection': 'eager', 'write_json': 'True', 'log_cache_events': 'False', 'partial_parse': 'True', 'cache_selected_only': 'False', 'warn_error': 'None', 'version_check': 'True', 'fail_fast': 'False', 'log_path': 'logs', 'debug': 'False', 'profiles_dir': '/Users/eranola/.dbt', 'use_colors': 'True', 'use_experimental_parser': 'False', 'empty': 'None', 'quiet': 'False', 'no_print': 'None', 'warn_error_options': 'WarnErrorOptions(include=[], exclude=[])', 'invocation_command': 'dbt init olist_dbt', 'log_format': 'default', 'static_parser': 'True', 'target_path': 'None', 'introspect': 'True', 'send_anonymous_usage_stats': 'True'}
[0m16:54:52.003473 [debug] [MainThread]: Starter project path: /Users/eranola/Documents/projects/environments/venv/lib/python3.12/site-packages/dbt/include/starter_project
[0m16:54:52.014935 [info ] [MainThread]: 
Your new dbt project "olist_dbt" was created!

For more information on how to configure the profiles.yml file,
please consult the dbt documentation here:

  https://docs.getdbt.com/docs/configure-your-profile

One more thing:

Need help? Don't hesitate to reach out to us via GitHub issues or on Slack:

  https://community.getdbt.com/

Happy modeling!

[0m16:54:52.015233 [info ] [MainThread]: Setting up your profile.
[0m16:54:59.902391 [debug] [MainThread]: Redshift adapter: Setting redshift_connector to ERROR
[0m16:54:59.902793 [debug] [MainThread]: Redshift adapter: Setting redshift_connector.core to ERROR
[0m16:59:59.184601 [info ] [MainThread]: Profile olist_dbt written to /Users/eranola/.dbt/profiles.yml using target's profile_template.yml and your supplied values. Run 'dbt debug' to validate the connection.
[0m16:59:59.470307 [debug] [MainThread]: Resource report: {"command_name": "init", "command_success": true, "command_wall_clock_time": 307.71506, "process_user_time": 1.190164, "process_kernel_time": 0.301131, "process_mem_max_rss": "106135552", "process_in_blocks": "0", "process_out_blocks": "0"}
[0m16:59:59.471667 [debug] [MainThread]: Command `dbt init` succeeded at 16:59:59.471463 after 307.72 seconds
[0m16:59:59.472397 [debug] [MainThread]: Sending event: {'category': 'dbt', 'action': 'invocation', 'label': 'end', 'context': [<snowplow_tracker.self_describing_json.SelfDescribingJson object at 0x1067ded50>, <snowplow_tracker.self_describing_json.SelfDescribingJson object at 0x108757bf0>, <snowplow_tracker.self_describing_json.SelfDescribingJson object at 0x108d5b590>]}
[0m16:59:59.473023 [debug] [MainThread]: Flushing usage events
[0m17:00:10.726498 [debug] [MainThread]: Sending event: {'category': 'dbt', 'action': 'invocation', 'label': 'start', 'context': [<snowplow_tracker.self_describing_json.SelfDescribingJson object at 0x10626f230>, <snowplow_tracker.self_describing_json.SelfDescribingJson object at 0x1065639b0>, <snowplow_tracker.self_describing_json.SelfDescribingJson object at 0x1065635c0>]}


============================== 17:00:10.730724 | 81b82762-cded-4a5a-a484-824a9ba7bf6a ==============================
[0m17:00:10.730724 [info ] [MainThread]: Running with dbt=1.8.6
[0m17:00:10.731205 [debug] [MainThread]: running dbt with arguments {'printer_width': '80', 'indirect_selection': 'eager', 'log_cache_events': 'False', 'write_json': 'True', 'partial_parse': 'True', 'cache_selected_only': 'False', 'profiles_dir': '/Users/eranola/.dbt', 'debug': 'False', 'warn_error': 'None', 'log_path': 'logs', 'fail_fast': 'False', 'version_check': 'True', 'use_colors': 'True', 'use_experimental_parser': 'False', 'no_print': 'None', 'quiet': 'False', 'empty': 'None', 'log_format': 'default', 'invocation_command': 'dbt debug', 'warn_error_options': 'WarnErrorOptions(include=[], exclude=[])', 'static_parser': 'True', 'target_path': 'None', 'introspect': 'True', 'send_anonymous_usage_stats': 'True'}
[0m17:00:10.744642 [info ] [MainThread]: dbt version: 1.8.6
[0m17:00:10.744938 [info ] [MainThread]: python version: 3.12.4
[0m17:00:10.745162 [info ] [MainThread]: python path: /Users/eranola/Documents/projects/environments/venv/bin/python
[0m17:00:10.745369 [info ] [MainThread]: os info: macOS-13.3.1-arm64-arm-64bit
[0m17:00:10.776472 [info ] [MainThread]: Error importing adapter: No module named 'dbt.adapters.bigquery'
[0m17:00:10.907939 [debug] [MainThread]: Redshift adapter: Setting redshift_connector to ERROR
[0m17:00:10.908311 [debug] [MainThread]: Redshift adapter: Setting redshift_connector.core to ERROR
[0m17:00:10.948251 [info ] [MainThread]: Using profiles dir at /Users/eranola/.dbt
[0m17:00:10.948598 [info ] [MainThread]: Using profiles.yml file at /Users/eranola/.dbt/profiles.yml
[0m17:00:10.948835 [info ] [MainThread]: Using dbt_project.yml file at /Users/eranola/Documents/projects/data-engineering-project/dbt/dbt_project.yml
[0m17:00:10.949053 [info ] [MainThread]: Configuration:
[0m17:00:10.949247 [info ] [MainThread]:   profiles.yml file [[31mERROR invalid[0m]
[0m17:00:10.949429 [info ] [MainThread]:   dbt_project.yml file [[31mERROR not found[0m]
[0m17:00:10.949610 [info ] [MainThread]: Required dependencies:
[0m17:00:10.949937 [debug] [MainThread]: Executing "git --help"
[0m17:00:10.973097 [debug] [MainThread]: STDOUT: "b"usage: git [-v | --version] [-h | --help] [-C <path>] [-c <name>=<value>]\n           [--exec-path[=<path>]] [--html-path] [--man-path] [--info-path]\n           [-p | --paginate | -P | --no-pager] [--no-replace-objects] [--bare]\n           [--git-dir=<path>] [--work-tree=<path>] [--namespace=<name>]\n           [--config-env=<name>=<envvar>] <command> [<args>]\n\nThese are common Git commands used in various situations:\n\nstart a working area (see also: git help tutorial)\n   clone     Clone a repository into a new directory\n   init      Create an empty Git repository or reinitialize an existing one\n\nwork on the current change (see also: git help everyday)\n   add       Add file contents to the index\n   mv        Move or rename a file, a directory, or a symlink\n   restore   Restore working tree files\n   rm        Remove files from the working tree and from the index\n\nexamine the history and state (see also: git help revisions)\n   bisect    Use binary search to find the commit that introduced a bug\n   diff      Show changes between commits, commit and working tree, etc\n   grep      Print lines matching a pattern\n   log       Show commit logs\n   show      Show various types of objects\n   status    Show the working tree status\n\ngrow, mark and tweak your common history\n   branch    List, create, or delete branches\n   commit    Record changes to the repository\n   merge     Join two or more development histories together\n   rebase    Reapply commits on top of another base tip\n   reset     Reset current HEAD to the specified state\n   switch    Switch branches\n   tag       Create, list, delete or verify a tag object signed with GPG\n\ncollaborate (see also: git help workflows)\n   fetch     Download objects and refs from another repository\n   pull      Fetch from and integrate with another repository or a local branch\n   push      Update remote refs along with associated objects\n\n'git help -a' and 'git help -g' list available subcommands and some\nconcept guides. See 'git help <command>' or 'git help <concept>'\nto read about a specific subcommand or concept.\nSee 'git help git' for an overview of the system.\n""
[0m17:00:10.973799 [debug] [MainThread]: STDERR: "b''"
[0m17:00:10.974093 [info ] [MainThread]:  - git [[32mOK found[0m]

[0m17:00:10.974477 [info ] [MainThread]: Connection test skipped since no profile was found
[0m17:00:10.974836 [info ] [MainThread]: [31m2 checks failed:[0m
[0m17:00:10.975053 [info ] [MainThread]: Could not load dbt_project.yml
Profile loading failed for the following reason:
Runtime Error
  Credentials in profile "dbt_core_demo", target "dev" invalid: Runtime Error
    Could not find adapter type bigquery!


[0m17:00:10.975270 [info ] [MainThread]: Project loading failed for the following reason:
 project path </Users/eranola/Documents/projects/data-engineering-project/dbt/dbt_project.yml> not found

[0m17:00:10.976996 [debug] [MainThread]: Resource report: {"command_name": "debug", "command_wall_clock_time": 0.30463663, "process_user_time": 1.017845, "process_kernel_time": 0.232136, "process_mem_max_rss": "105840640", "command_success": false, "process_in_blocks": "0", "process_out_blocks": "0"}
[0m17:00:10.977522 [debug] [MainThread]: Command `dbt debug` failed at 17:00:10.977424 after 0.31 seconds
[0m17:00:10.977936 [debug] [MainThread]: Sending event: {'category': 'dbt', 'action': 'invocation', 'label': 'end', 'context': [<snowplow_tracker.self_describing_json.SelfDescribingJson object at 0x1066ba210>, <snowplow_tracker.self_describing_json.SelfDescribingJson object at 0x106bdd0a0>, <snowplow_tracker.self_describing_json.SelfDescribingJson object at 0x104fb6690>]}
[0m17:00:10.978277 [debug] [MainThread]: Flushing usage events
